<?xml version="1.0" encoding="UTF-8"?>
<!-- Generated by org.testng.reporters.JUnitXMLReporter -->
<testsuite ignored="3" hostname="Yash" failures="0" tests="1" name="Default test" time="3.102" errors="0" timestamp="2024-10-20T19:19:59 IST">
  <testcase classname="day_1.HTTPRequests" name="createUser" time="3.045"/>
  <testcase classname="day_1.HTTPRequests" name="getUsers" time="0.0">
    <ignored/>
  </testcase> <!-- getUsers -->
  <testcase classname="day_1.HTTPRequests" name="updateUser" time="0.0">
    <ignored/>
  </testcase> <!-- updateUser -->
  <testcase classname="day_1.HTTPRequests" name="deleteUser" time="0.0">
    <ignored/>
  </testcase> <!-- deleteUser -->
</testsuite> <!-- Default test -->
