<?xml version="1.0" encoding="UTF-8"?>
<testng-results ignored="0" total="1" passed="1" failed="0" skipped="0">
  <reporter-output>
  </reporter-output>
  <suite started-at="2024-10-20T19:19:56 IST" name="Default suite" finished-at="2024-10-20T19:19:59 IST" duration-ms="3102">
    <groups>
    </groups>
    <test started-at="2024-10-20T19:19:56 IST" name="Default test" finished-at="2024-10-20T19:19:59 IST" duration-ms="3102">
      <class name="day_1.HTTPRequests">
        <test-method signature="createUser()[pri:2, instance:day_1.HTTPRequests@5677323c]" started-at="2024-10-20T19:19:56 IST" name="createUser" finished-at="2024-10-20T19:19:59 IST" duration-ms="3045" status="PASS">
          <reporter-output>
          </reporter-output>
        </test-method> <!-- createUser -->
      </class> <!-- day_1.HTTPRequests -->
    </test> <!-- Default test -->
  </suite> <!-- Default suite -->
</testng-results>
